{"uid":"66c98ab7289889d4","name":"mapCluster","fullName":"Tests.SacredGroves_Sutra_APIs.mapCluster","historyId":"b056cf80ff4e8086f2a7cd20a77f54cb","time":{"start":1748264486072,"stop":1748264486372,"duration":300},"status":"broken","statusMessage":"Failed to parse the JSON document","statusTrace":"io.restassured.path.json.exception.JsonPathException: Failed to parse the JSON document\r\n\tat io.restassured.path.json.JsonPath$ExceptionCatcher.invoke(JsonPath.java:1002)\r\n\tat io.restassured.path.json.JsonPath$4.doParseWith(JsonPath.java:967)\r\n\tat io.restassured.path.json.JsonPath$JsonParser.parseWith(JsonPath.java:1047)\r\n\tat io.restassured.path.json.JsonPath.get(JsonPath.java:202)\r\n\tat io.restassured.path.json.JsonPath.getString(JsonPath.java:352)\r\n\tat Tests.SacredGroves_Sutra_APIs.mapCluster(SacredGroves_Sutra_APIs.java:84)\r\n\tat java.base/jdk.internal.reflect.NativeMethodAccessorImpl.invoke0(Native Method)\r\n\tat java.base/jdk.internal.reflect.NativeMethodAccessorImpl.invoke(NativeMethodAccessorImpl.java:77)\r\n\tat java.base/jdk.internal.reflect.DelegatingMethodAccessorImpl.invoke(DelegatingMethodAccessorImpl.java:43)\r\n\tat java.base/java.lang.reflect.Method.invoke(Method.java:568)\r\n\tat org.testng.internal.invokers.MethodInvocationHelper.invokeMethod(MethodInvocationHelper.java:139)\r\n\tat org.testng.internal.invokers.TestInvoker.invokeMethod(TestInvoker.java:677)\r\n\tat org.testng.internal.invokers.TestInvoker.invokeTestMethod(TestInvoker.java:221)\r\n\tat org.testng.internal.invokers.MethodRunner.runInSequence(MethodRunner.java:50)\r\n\tat org.testng.internal.invokers.TestInvoker$MethodInvocationAgent.invoke(TestInvoker.java:969)\r\n\tat org.testng.internal.invokers.TestInvoker.invokeTestMethods(TestInvoker.java:194)\r\n\tat org.testng.internal.invokers.TestMethodWorker.invokeTestMethods(TestMethodWorker.java:148)\r\n\tat org.testng.internal.invokers.TestMethodWorker.run(TestMethodWorker.java:128)\r\n\tat java.base/java.util.ArrayList.forEach(ArrayList.java:1511)\r\n\tat org.testng.TestRunner.privateRun(TestRunner.java:829)\r\n\tat org.testng.TestRunner.run(TestRunner.java:602)\r\n\tat org.testng.SuiteRunner.runTest(SuiteRunner.java:437)\r\n\tat org.testng.SuiteRunner.runSequentially(SuiteRunner.java:431)\r\n\tat org.testng.SuiteRunner.privateRun(SuiteRunner.java:391)\r\n\tat org.testng.SuiteRunner.run(SuiteRunner.java:330)\r\n\tat org.testng.SuiteRunnerWorker.runSuite(SuiteRunnerWorker.java:52)\r\n\tat org.testng.SuiteRunnerWorker.run(SuiteRunnerWorker.java:95)\r\n\tat org.testng.TestNG.runSuitesSequentially(TestNG.java:1256)\r\n\tat org.testng.TestNG.runSuitesLocally(TestNG.java:1176)\r\n\tat org.testng.TestNG.runSuites(TestNG.java:1099)\r\n\tat org.testng.TestNG.run(TestNG.java:1067)\r\n\tat org.apache.maven.surefire.testng.TestNGExecutor.run(TestNGExecutor.java:308)\r\n\tat org.apache.maven.surefire.testng.TestNGXmlTestSuite.execute(TestNGXmlTestSuite.java:71)\r\n\tat org.apache.maven.surefire.testng.TestNGProvider.invoke(TestNGProvider.java:113)\r\n\tat org.apache.maven.surefire.booter.ForkedBooter.runSuitesInProcess(ForkedBooter.java:385)\r\n\tat org.apache.maven.surefire.booter.ForkedBooter.execute(ForkedBooter.java:162)\r\n\tat org.apache.maven.surefire.booter.ForkedBooter.run(ForkedBooter.java:507)\r\n\tat org.apache.maven.surefire.booter.ForkedBooter.main(ForkedBooter.java:495)\r\nCaused by: groovy.json.JsonException: Lexing failed on line: 1, column: 1, while reading 'U', no possible valid JSON value or punctuation could be recognized.\r\n\tat groovy.json.JsonLexer.nextToken(JsonLexer.java:86)\r\n\tat groovy.json.JsonLexer$nextToken.call(Unknown Source)\r\n\tat io.restassured.internal.path.json.ConfigurableJsonSlurper.parse(ConfigurableJsonSlurper.groovy:97)\r\n\tat io.restassured.internal.path.json.ConfigurableJsonSlurper$parse.callCurrent(Unknown Source)\r\n\tat io.restassured.internal.path.json.ConfigurableJsonSlurper.parseText(ConfigurableJsonSlurper.groovy:83)\r\n\tat io.restassured.path.json.JsonPath$4$1.method(JsonPath.java:965)\r\n\tat io.restassured.path.json.JsonPath$ExceptionCatcher.invoke(JsonPath.java:1000)\r\n\t... 37 more\r\n","flaky":false,"newFailed":false,"newBroken":true,"newPassed":false,"retriesCount":22,"retriesStatusChange":true,"beforeStages":[{"name":"User","time":{"start":1748264467919,"stop":1748264474401,"duration":6482},"description":"","status":"passed","steps":[],"attachments":[],"parameters":[],"attachmentStep":false,"stepsCount":0,"hasContent":false,"shouldDisplayMessage":false,"attachmentsCount":0}],"testStage":{"status":"broken","statusMessage":"Failed to parse the JSON document","statusTrace":"io.restassured.path.json.exception.JsonPathException: Failed to parse the JSON document\r\n\tat io.restassured.path.json.JsonPath$ExceptionCatcher.invoke(JsonPath.java:1002)\r\n\tat io.restassured.path.json.JsonPath$4.doParseWith(JsonPath.java:967)\r\n\tat io.restassured.path.json.JsonPath$JsonParser.parseWith(JsonPath.java:1047)\r\n\tat io.restassured.path.json.JsonPath.get(JsonPath.java:202)\r\n\tat io.restassured.path.json.JsonPath.getString(JsonPath.java:352)\r\n\tat Tests.SacredGroves_Sutra_APIs.mapCluster(SacredGroves_Sutra_APIs.java:84)\r\n\tat java.base/jdk.internal.reflect.NativeMethodAccessorImpl.invoke0(Native Method)\r\n\tat java.base/jdk.internal.reflect.NativeMethodAccessorImpl.invoke(NativeMethodAccessorImpl.java:77)\r\n\tat java.base/jdk.internal.reflect.DelegatingMethodAccessorImpl.invoke(DelegatingMethodAccessorImpl.java:43)\r\n\tat java.base/java.lang.reflect.Method.invoke(Method.java:568)\r\n\tat org.testng.internal.invokers.MethodInvocationHelper.invokeMethod(MethodInvocationHelper.java:139)\r\n\tat org.testng.internal.invokers.TestInvoker.invokeMethod(TestInvoker.java:677)\r\n\tat org.testng.internal.invokers.TestInvoker.invokeTestMethod(TestInvoker.java:221)\r\n\tat org.testng.internal.invokers.MethodRunner.runInSequence(MethodRunner.java:50)\r\n\tat org.testng.internal.invokers.TestInvoker$MethodInvocationAgent.invoke(TestInvoker.java:969)\r\n\tat org.testng.internal.invokers.TestInvoker.invokeTestMethods(TestInvoker.java:194)\r\n\tat org.testng.internal.invokers.TestMethodWorker.invokeTestMethods(TestMethodWorker.java:148)\r\n\tat org.testng.internal.invokers.TestMethodWorker.run(TestMethodWorker.java:128)\r\n\tat java.base/java.util.ArrayList.forEach(ArrayList.java:1511)\r\n\tat org.testng.TestRunner.privateRun(TestRunner.java:829)\r\n\tat org.testng.TestRunner.run(TestRunner.java:602)\r\n\tat org.testng.SuiteRunner.runTest(SuiteRunner.java:437)\r\n\tat org.testng.SuiteRunner.runSequentially(SuiteRunner.java:431)\r\n\tat org.testng.SuiteRunner.privateRun(SuiteRunner.java:391)\r\n\tat org.testng.SuiteRunner.run(SuiteRunner.java:330)\r\n\tat org.testng.SuiteRunnerWorker.runSuite(SuiteRunnerWorker.java:52)\r\n\tat org.testng.SuiteRunnerWorker.run(SuiteRunnerWorker.java:95)\r\n\tat org.testng.TestNG.runSuitesSequentially(TestNG.java:1256)\r\n\tat org.testng.TestNG.runSuitesLocally(TestNG.java:1176)\r\n\tat org.testng.TestNG.runSuites(TestNG.java:1099)\r\n\tat org.testng.TestNG.run(TestNG.java:1067)\r\n\tat org.apache.maven.surefire.testng.TestNGExecutor.run(TestNGExecutor.java:308)\r\n\tat org.apache.maven.surefire.testng.TestNGXmlTestSuite.execute(TestNGXmlTestSuite.java:71)\r\n\tat org.apache.maven.surefire.testng.TestNGProvider.invoke(TestNGProvider.java:113)\r\n\tat org.apache.maven.surefire.booter.ForkedBooter.runSuitesInProcess(ForkedBooter.java:385)\r\n\tat org.apache.maven.surefire.booter.ForkedBooter.execute(ForkedBooter.java:162)\r\n\tat org.apache.maven.surefire.booter.ForkedBooter.run(ForkedBooter.java:507)\r\n\tat org.apache.maven.surefire.booter.ForkedBooter.main(ForkedBooter.java:495)\r\nCaused by: groovy.json.JsonException: Lexing failed on line: 1, column: 1, while reading 'U', no possible valid JSON value or punctuation could be recognized.\r\n\tat groovy.json.JsonLexer.nextToken(JsonLexer.java:86)\r\n\tat groovy.json.JsonLexer$nextToken.call(Unknown Source)\r\n\tat io.restassured.internal.path.json.ConfigurableJsonSlurper.parse(ConfigurableJsonSlurper.groovy:97)\r\n\tat io.restassured.internal.path.json.ConfigurableJsonSlurper$parse.callCurrent(Unknown Source)\r\n\tat io.restassured.internal.path.json.ConfigurableJsonSlurper.parseText(ConfigurableJsonSlurper.groovy:83)\r\n\tat io.restassured.path.json.JsonPath$4$1.method(JsonPath.java:965)\r\n\tat io.restassured.path.json.JsonPath$ExceptionCatcher.invoke(JsonPath.java:1000)\r\n\t... 37 more\r\n","steps":[],"attachments":[{"uid":"9ffb3b7186bf4d6c","name":"Request Log","source":"9ffb3b7186bf4d6c.txt","type":"application/json","size":399},{"uid":"6c0d3f6a371ddba1","name":"Response Log","source":"6c0d3f6a371ddba1","type":"application/json","size":1596}],"parameters":[],"attachmentStep":false,"stepsCount":0,"hasContent":true,"shouldDisplayMessage":true,"attachmentsCount":2},"afterStages":[],"labels":[{"name":"package","value":"Tests.SacredGroves_Sutra_APIs"},{"name":"testClass","value":"Tests.SacredGroves_Sutra_APIs"},{"name":"testMethod","value":"mapCluster"},{"name":"parentSuite","value":"All Test Suite"},{"name":"suite","value":"C:/Users/hp/IdeaProjects/untitled6"},{"name":"subSuite","value":"Tests.SacredGroves_Sutra_APIs"},{"name":"host","value":"DESKTOP-L0TTVHB"},{"name":"thread","value":"4548@DESKTOP-L0TTVHB.main(1)"},{"name":"framework","value":"testng"},{"name":"language","value":"java"},{"name":"resultFormat","value":"allure2"}],"parameters":[],"links":[],"hidden":false,"retry":false,"extra":{"severity":"normal","retries":[{"uid":"e32fce50f95a7724","status":"broken","statusDetails":"Failed to parse the JSON document","time":{"start":1748264182572,"stop":1748264182863,"duration":291}},{"uid":"164315e03b6aa833","status":"broken","statusDetails":"Failed to parse the JSON document","time":{"start":1748258967203,"stop":1748258967376,"duration":173}},{"uid":"c62ab8f84cefe3c2","status":"broken","statusDetails":"Failed to parse the JSON document","time":{"start":1748258390940,"stop":1748258391093,"duration":153}},{"uid":"bebeb5d62a7367cc","status":"skipped","statusDetails":"No such host is known (devoutshade.sacredgroves.earth)","time":{"start":1748258284055,"stop":1748258284055,"duration":0}},{"uid":"d081fbfe12cb4f6a","status":"broken","statusDetails":"Failed to parse the JSON document","time":{"start":1748257954783,"stop":1748257954947,"duration":164}},{"uid":"f9e670d32a3c705f","status":"broken","statusDetails":"Failed to parse the JSON document","time":{"start":1748257782092,"stop":1748257782292,"duration":200}},{"uid":"c077bed0f0047277","status":"broken","statusDetails":"Failed to parse the JSON document","time":{"start":1748257617673,"stop":1748257618062,"duration":389}},{"uid":"61011dab995fc901","status":"broken","statusDetails":"Failed to parse the JSON document","time":{"start":1748257316261,"stop":1748257316494,"duration":233}},{"uid":"7d46242bbafa110a","status":"broken","statusDetails":"Failed to parse the JSON document","time":{"start":1748257039021,"stop":1748257039203,"duration":182}},{"uid":"d6906ab0835931ee","status":"broken","statusDetails":"Failed to parse the JSON document","time":{"start":1748246547955,"stop":1748246548208,"duration":253}},{"uid":"6680107da26b96ad","status":"broken","statusDetails":"Failed to parse the JSON document","time":{"start":1747211208564,"stop":1747211208762,"duration":198}},{"uid":"3cead3cd31313dc7","status":"broken","statusDetails":"Failed to parse the JSON document","time":{"start":1747209306811,"stop":1747209307011,"duration":200}},{"uid":"8061e3b5be00b071","status":"broken","statusDetails":"Failed to parse the JSON document","time":{"start":1747209200510,"stop":1747209200694,"duration":184}},{"uid":"4ca925e614197330","status":"broken","statusDetails":"Failed to parse the JSON document","time":{"start":1747204025735,"stop":1747204026052,"duration":317}},{"uid":"afa6c59720133cdc","status":"broken","statusDetails":"Failed to parse the JSON document","time":{"start":1747200848199,"stop":1747200848382,"duration":183}},{"uid":"c757524360f19199","status":"failed","statusDetails":"Expected Status code is 200 but the actual status Code is401","time":{"start":1747140603630,"stop":1747140603755,"duration":125}},{"uid":"7b7d0872591cac90","status":"failed","statusDetails":"Expected Status code is 200 but the actual status Code is401","time":{"start":1747138931797,"stop":1747138932460,"duration":663}},{"uid":"7d9872ddc41a3841","status":"failed","statusDetails":"Expected Status code is 200 but the actual status Code is401","time":{"start":1747138527198,"stop":1747138527528,"duration":330}},{"uid":"e5c70f990a23d62f","status":"failed","statusDetails":"Expected Status code is 200 but the actual status Code is401","time":{"start":1747134792060,"stop":1747134792346,"duration":286}},{"uid":"5b58cad2897d26ad","status":"failed","statusDetails":"Expected Status code is 200 but the actual status Code is401","time":{"start":1747132071611,"stop":1747132071857,"duration":246}},{"uid":"3302219f1e9844d4","status":"skipped","statusDetails":"Expected status code is 200 but the actual status code is 522","time":{"start":1746785273250,"stop":1746785273250,"duration":0}},{"uid":"f0870ae4102895cb","status":"failed","statusDetails":"Expected Status code is 200 but the actual status Code is401","time":{"start":1745827073695,"stop":1745827073854,"duration":159}}],"categories":[{"name":"Test defects","matchedStatuses":[],"flaky":false}],"history":{"statistic":{"failed":1,"broken":1,"skipped":0,"passed":0,"unknown":0,"total":2},"items":[{"uid":"abae1c03bc8ad706","status":"failed","statusDetails":"Expected Status code is 200 but the actual status Code is401","time":{"start":1745827073695,"stop":1745827073854,"duration":159}}]},"tags":[]},"source":"66c98ab7289889d4.json","parameterValues":[]}